<?xml version="1.0" encoding="UTF-8"?>
<robot generator="Robot 3.2.2 (Python 3.7.4 on win32)" generated="20220715 14:34:00.471" rpa="false">
<suite id="s1" name="demoRobot" source="C:\Users\AnCojocaru\Desktop\Exercitii\Python+Selenium\demoRobot.robot">
<kw name="Open Browser" library="Selenium2Library" type="setup">
<doc>Opens a new browser instance to the optional ``url``.</doc>
<arguments>
<arg>${URL}</arg>
<arg>${BROWSER}</arg>
</arguments>
<msg timestamp="20220715 14:34:00.688" level="INFO">Opening browser 'Chrome' to base url 'http://www.google.com'.</msg>
<msg timestamp="20220715 14:34:00.705" level="INFO">Cannot capture screenshot because no browser is open.</msg>
<msg timestamp="20220715 14:34:00.705" level="FAIL">WebDriverException: Message: 'chromedriver' executable needs to be in PATH. Please see https://chromedriver.chromium.org/home
</msg>
<status status="FAIL" starttime="20220715 14:34:00.688" endtime="20220715 14:34:00.705"></status>
</kw>
<test id="s1-t1" name="Google Search">
<status status="FAIL" starttime="20220715 14:34:00.705" endtime="20220715 14:34:00.705" critical="yes">Parent suite setup failed:
WebDriverException: Message: 'chromedriver' executable needs to be in PATH. Please see https://chromedriver.chromium.org/home
</status>
</test>
<kw name="Close All Browsers" library="Selenium2Library" type="teardown">
<doc>Closes all open browsers and resets the browser cache.</doc>
<status status="PASS" starttime="20220715 14:34:00.705" endtime="20220715 14:34:00.705"></status>
</kw>
<status status="FAIL" starttime="20220715 14:34:00.471" endtime="20220715 14:34:00.705">Suite setup failed:
WebDriverException: Message: 'chromedriver' executable needs to be in PATH. Please see https://chromedriver.chromium.org/home
</status>
</suite>
<statistics>
<total>
<stat pass="0" fail="1">Critical Tests</stat>
<stat pass="0" fail="1">All Tests</stat>
</total>
<tag>
</tag>
<suite>
<stat pass="0" fail="1" id="s1" name="demoRobot">demoRobot</stat>
</suite>
</statistics>
<errors>
</errors>
</robot>
